<?xml version="1.0" encoding="UTF-8"?>
<!-- Generated by org.testng.reporters.JUnitXMLReporter -->
<testsuite hostname="DESKTOP-PRTCUPL" name="Default test" tests="4" failures="0" timestamp="12 Nov 2019 05:18:47 GMT" time="0.167" errors="0">
  <testcase name="meth1" time="0.039" classname="com.hrms.testscripts.TC_5131"/>
  <testcase name="meth2" time="0.003" classname="com.hrms.testscripts.TC_5131"/>
  <testcase name="meth3" time="0.005" classname="com.hrms.testscripts.TC_5131"/>
  <testcase name="meth4" time="0.006" classname="com.hrms.testscripts.TC_5131"/>
</testsuite> <!-- Default test -->
